#
# There is insufficient memory for the Java Runtime Environment to continue.
# Native memory allocation (malloc) failed to allocate 38352 bytes for Chunk::new
# Possible reasons:
#   The system is out of physical RAM or swap space
#   In 32 bit mode, the process size limit was hit
# Possible solutions:
#   Reduce memory load on the system
#   Increase physical memory or swap space
#   Check if swap backing store is full
#   Use 64 bit Java on a 64 bit OS
#   Decrease Java heap size (-Xmx/-Xms)
#   Decrease number of Java threads
#   Decrease Java thread stack sizes (-Xss)
#   Set larger code cache with -XX:ReservedCodeCacheSize=
# This output file may be truncated or incomplete.
#
#  Out of Memory Error (allocation.cpp:390), pid=9404, tid=8028
#
# JRE version: Java(TM) SE Runtime Environment (8.0_60-b27) (build 1.8.0_60-b27)
# Java VM: Java HotSpot(TM) 64-Bit Server VM (25.60-b23 mixed mode windows-amd64 compressed oops)
# Failed to write core dump. Minidumps are not enabled by default on client versions of Windows
#

---------------  T H R E A D  ---------------

Current thread (0x00000000161a1800):  JavaThread "C1 CompilerThread2" daemon [_thread_in_native, id=8028, stack(0x0000000016640000,0x0000000016740000)]

Stack: [0x0000000016640000,0x0000000016740000]
[error occurred during error reporting (printing stack bounds), id 0xc0000005]

Native frames: (J=compiled Java code, j=interpreted, Vv=VM code, C=native code)


Current CompileTask:
C1:    991  742   !   3       com.android.dx.cf.code.RopperMachine::run (1550 bytes)


---------------  P R O C E S S  ---------------

Java Threads: ( => current thread )
  0x000000001639c800 JavaThread "pool-1-thread-4" [_thread_in_vm, id=1900, stack(0x0000000016d40000,0x0000000016e40000)]
  0x000000001639b800 JavaThread "pool-1-thread-3" [_thread_blocked, id=7540, stack(0x0000000016c40000,0x0000000016d40000)]
  0x000000001639a800 JavaThread "pool-1-thread-2" [_thread_blocked, id=9968, stack(0x0000000016b40000,0x0000000016c40000)]
  0x0000000016397800 JavaThread "pool-2-thread-1" [_thread_blocked, id=8752, stack(0x0000000016a40000,0x0000000016b40000)]
  0x0000000016396800 JavaThread "pool-1-thread-1" [_thread_in_vm, id=8928, stack(0x0000000016940000,0x0000000016a40000)]
  0x00000000161ab800 JavaThread "Service Thread" daemon [_thread_blocked, id=4876, stack(0x0000000016740000,0x0000000016840000)]
=>0x00000000161a1800 JavaThread "C1 CompilerThread2" daemon [_thread_in_native, id=8028, stack(0x0000000016640000,0x0000000016740000)]
  0x000000001618b800 JavaThread "C2 CompilerThread1" daemon [_thread_in_native, id=6832, stack(0x0000000016540000,0x0000000016640000)]
  0x0000000014b19000 JavaThread "C2 CompilerThread0" daemon [_thread_in_native, id=8348, stack(0x0000000016040000,0x0000000016140000)]
  0x0000000014acd800 JavaThread "Attach Listener" daemon [_thread_blocked, id=7912, stack(0x0000000015f40000,0x0000000016040000)]
  0x0000000014acc000 JavaThread "Signal Dispatcher" daemon [_thread_blocked, id=6340, stack(0x0000000015e40000,0x0000000015f40000)]
  0x00000000023e6000 JavaThread "Finalizer" daemon [_thread_blocked, id=3824, stack(0x0000000015d40000,0x0000000015e40000)]
  0x00000000023dd800 JavaThread "Reference Handler" daemon [_thread_blocked, id=9044, stack(0x0000000015c40000,0x0000000015d40000)]
  0x00000000022f0800 JavaThread "main" [_thread_blocked, id=4796, stack(0x0000000002140000,0x0000000002240000)]

Other Threads:
  0x0000000014a88000 VMThread [stack: 0x0000000015b40000,0x0000000015c40000] [id=5332]
  0x00000000161ed800 WatcherThread [stack: 0x0000000016840000,0x0000000016940000] [id=9316]

VM state:not at safepoint (normal execution)

VM Mutex/Monitor currently owned by a thread: None

Heap:
 PSYoungGen      total 38400K, used 17583K [0x00000000eab00000, 0x00000000ed580000, 0x0000000100000000)
  eden space 33280K, 52% used [0x00000000eab00000,0x00000000ebc2bce0,0x00000000ecb80000)
  from space 5120K, 0% used [0x00000000ed080000,0x00000000ed080000,0x00000000ed580000)
  to   space 5120K, 0% used [0x00000000ecb80000,0x00000000ecb80000,0x00000000ed080000)
 ParOldGen       total 87552K, used 0K [0x00000000c0000000, 0x00000000c5580000, 0x00000000eab00000)
  object space 87552K, 0% used [0x00000000c0000000,0x00000000c0000000,0x00000000c5580000)
 Metaspace       used 5754K, capacity 6646K, committed 6784K, reserved 1056768K
  class space    used 600K, capacity 622K, committed 640K, reserved 1048576K

Card table byte_map: [0x00000000117b0000,0x00000000119c0000] byte_map_base: 0x00000000111b0000

Marking Bits: (ParMarkBitMap*) 0x000000006024a5b0
 Begin Bits: [0x0000000011f20000, 0x0000000012f20000)
 End Bits:   [0x0000000012f20000, 0x0000000013f20000)

Polling page: 0x0000000000540000

CodeCache: size=245760Kb used=2850Kb max_used=2867Kb free=242909Kb
 bounds [0x00000000023f0000, 0x00000000026d0000, 0x00000000113f0000]
 total_blobs=1017 nmethods=746 adapters=184
 compilation: enabled

Compilation events (10 events):
Event: 0.974 Thread 0x0000000014b19000 nmethod 759 0x00000000026ad6d0 code [0x00000000026ad820, 0x00000000026ad9b8]
Event: 0.974 Thread 0x0000000014b19000  768       4       com.android.dx.util.BitIntSet::ensureCapacity (51 bytes)
Event: 0.977 Thread 0x0000000014b19000 nmethod 768 0x00000000026b0ad0 code [0x00000000026b0c20, 0x00000000026b0df8]
Event: 0.977 Thread 0x0000000014b19000  767       4       com.android.dx.rop.code.RegisterSpec::hashCodeOf (30 bytes)
Event: 0.981 Thread 0x000000001618b800 nmethod 647 0x00000000026b9d50 code [0x00000000026ba120, 0x00000000026bd480]
Event: 0.981 Thread 0x000000001618b800  771       4       com.android.dx.util.LabeledList::indexOfLabel (22 bytes)
Event: 0.983 Thread 0x000000001618b800 nmethod 771 0x00000000026ad390 code [0x00000000026ad4e0, 0x00000000026ad598]
Event: 0.983 Thread 0x000000001618b800  760       4       com.android.dx.ssa.NormalSsaInsn::getSources (8 bytes)
Event: 0.983 Thread 0x000000001618b800 nmethod 760 0x0000000002643f10 code [0x0000000002644040, 0x00000000026440b8]
Event: 0.983 Thread 0x000000001618b800  769   !   4       com.android.dx.util.IntList::<init> (37 bytes)

GC Heap History (0 events):
No events

Deoptimization events (1 events):
Event: 0.839 Thread 0x000000001639c800 Uncommon trap: reason=unstable_if action=reinterpret pc=0x00000000025f2564 method=java.util.HashMap.getNode(ILjava/lang/Object;)Ljava/util/HashMap$Node; @ 129

Internal exceptions (2 events):
Event: 0.067 Thread 0x00000000022f0800 Exception <a 'java/lang/NoSuchMethodError': Method sun.misc.Unsafe.defineClass(Ljava/lang/String;[BII)Ljava/lang/Class; name or signature does not match> (0x00000000eab13068) thrown at [C:\re\workspace\8-2-build-windows-amd64-cygwin\jdk8u60\4407\hotspot\srµ˜ë¿"±?
Event: 0.067 Thread 0x00000000022f0800 Exception <a 'java/lang/NoSuchMethodError': Method sun.misc.Unsafe.prefetchRead(Ljava/lang/Object;J)V name or signature does not match> (0x00000000eab13350) thrown at [C:\re\workspace\8-2-build-windows-amd64-cygwin\jdk8u60\4407\hotspot\src\share\vm\prims\j

Events (10 events):
Event: 0.897 loading class java/util/DualPivotQuicksort
Event: 0.897 loading class java/util/DualPivotQuicksort done
Event: 0.904 loading class java/util/ArrayList$1
Event: 0.904 loading class java/util/ArrayList$1 done
Event: 0.917 loading class java/util/regex/Pattern$Start
Event: 0.917 loading class java/util/regex/Pattern$Start done
Event: 0.917 loading class java/util/regex/Pattern$TreeInfo
Event: 0.917 loading class java/util/regex/Pattern$TreeInfo done
Event: 0.933 Executing VM operation: ForceSafepoint
Event: 0.935 Executing VM operation: ForceSafepoint done


Dynamic libraries:
0x00007ff73b430000 - 0x00007ff73b467000 	C:\Program Files\Java\jdk1.8.0_60\bin\java.exe
0x00007ffde7ad0000 - 0x00007ffde7c7d000 	C:\windows\SYSTEM32\ntdll.dll
0x00007ffde56c0000 - 0x00007ffde57fe000 	C:\windows\system32\KERNEL32.DLL
0x00007ffde5040000 - 0x00007ffde5155000 	C:\windows\system32\KERNELBASE.dll
0x00007ffde37d0000 - 0x00007ffde385e000 	C:\windows\system32\apphelp.dll
0x00007ffdd77e0000 - 0x00007ffdd7833000 	C:\windows\AppPatch\AppPatch64\AcGenral.DLL
0x00007ffde5490000 - 0x00007ffde553a000 	C:\windows\system32\msvcrt.dll
0x00007ffde4fb0000 - 0x00007ffde4fde000 	C:\windows\system32\SspiCli.dll
0x00007ffde7a70000 - 0x00007ffde7ac4000 	C:\windows\system32\SHLWAPI.dll
0x00007ffde7890000 - 0x00007ffde7a07000 	C:\windows\system32\USER32.dll
0x00007ffde58b0000 - 0x00007ffde5a44000 	C:\windows\system32\ole32.dll
0x00007ffde5d40000 - 0x00007ffde726a000 	C:\windows\system32\SHELL32.dll
0x00007ffde4360000 - 0x00007ffde4381000 	C:\windows\SYSTEM32\USERENV.dll
0x00007ffde5800000 - 0x00007ffde58aa000 	C:\windows\system32\ADVAPI32.dll
0x00007ffdd5e60000 - 0x00007ffdd5e7e000 	C:\windows\SYSTEM32\MPR.dll
0x00007ffde5340000 - 0x00007ffde5480000 	C:\windows\system32\RPCRT4.dll
0x00007ffde7a10000 - 0x00007ffde7a69000 	C:\windows\SYSTEM32\sechost.dll
0x00007ffde73f0000 - 0x00007ffde7601000 	C:\windows\SYSTEM32\combase.dll
0x00007ffde5a50000 - 0x00007ffde5ba0000 	C:\windows\system32\GDI32.dll
0x00007ffde4c00000 - 0x00007ffde4c15000 	C:\windows\SYSTEM32\profapi.dll
0x00007ffde3180000 - 0x00007ffde3232000 	C:\windows\SYSTEM32\SHCORE.dll
0x00007ffde5c10000 - 0x00007ffde5c46000 	C:\windows\system32\IMM32.DLL
0x00007ffde7280000 - 0x00007ffde73d2000 	C:\windows\system32\MSCTF.dll
0x00007ffde2b40000 - 0x00007ffde2dbb000 	C:\windows\WinSxS\amd64_microsoft.windows.common-controls_6595b64144ccf1df_6.0.9600.18006_none_623f33d3ecbe86e8\COMCTL32.dll
0x00000000603b0000 - 0x0000000060482000 	C:\Program Files\Java\jdk1.8.0_60\jre\bin\msvcr100.dll
0x000000005fa40000 - 0x00000000602c9000 	C:\Program Files\Java\jdk1.8.0_60\jre\bin\server\jvm.dll
0x00007ffddfb90000 - 0x00007ffddfb99000 	C:\windows\SYSTEM32\WSOCK32.dll
0x00007ffdde980000 - 0x00007ffdde9a2000 	C:\windows\SYSTEM32\WINMM.dll
0x00007ffddfba0000 - 0x00007ffddfbaa000 	C:\windows\SYSTEM32\VERSION.dll
0x00007ffde5480000 - 0x00007ffde5487000 	C:\windows\system32\PSAPI.DLL
0x00007ffde5600000 - 0x00007ffde565a000 	C:\windows\system32\WS2_32.dll
0x00007ffdde950000 - 0x00007ffdde97a000 	C:\windows\SYSTEM32\WINMMBASE.dll
0x00007ffde7610000 - 0x00007ffde7619000 	C:\windows\system32\NSI.dll
0x00007ffde4eb0000 - 0x00007ffde4eff000 	C:\windows\SYSTEM32\cfgmgr32.dll
0x00007ffde3a20000 - 0x00007ffde3a48000 	C:\windows\SYSTEM32\DEVOBJ.dll
0x0000000060850000 - 0x000000006085f000 	C:\Program Files\Java\jdk1.8.0_60\jre\bin\verify.dll
0x0000000060820000 - 0x0000000060849000 	C:\Program Files\Java\jdk1.8.0_60\jre\bin\java.dll
0x0000000060800000 - 0x0000000060816000 	C:\Program Files\Java\jdk1.8.0_60\jre\bin\zip.dll

VM Arguments:
jvm_args: -Djava.awt.headless=true -Xmx1024M -Dfile.encoding=GBK -Duser.country=CN -Duser.language=zh -Duser.variant 
java_command: com.android.dx.command.Main --dex --force-jumbo --num-threads=4 --output D:\projects\android\studio\workspace\YouyunPushDome\app\build\intermediates\pre-dexed\debug\commons-fileupload-1.2.1_de8240866f1700c87c336cc8206e0bb25efea146.jar D:\projects\android\studio\workspace\YouyunPushDome\app\libs\commons-fileupload-1.2.1.jar
java_class_path (initial): D:\tools\android\studio\sdk\build-tools\23.0.2\lib\dx.jar
Launcher Type: SUN_STANDARD

Environment Variables:
CLASSPATH=.
PATH=C:\ProgramData\Oracle\Java\javapath;C:\Program Files (x86)\Intel\iCLS Client\;C:\Program Files\Intel\iCLS Client\;C:\windows\system32;C:\windows;C:\windows\System32\Wbem;C:\windows\System32\WindowsPowerShell\v1.0\;C:\Program Files\Intel\Intel(R) Management Engine Components\DAL;C:\Program Files (x86)\Intel\Intel(R) Management Engine Components\DAL;C:\Program Files\Intel\Intel(R) Management Engine Components\IPT;C:\Program Files (x86)\Intel\Intel(R) Management Engine Components\IPT;C:\Program Files (x86)\ATI Technologies\ATI.ACE\Core-Static;C:\ProgramData\Lenovo\ReadyApps;C:\Program Files\Java\jdk1.8.0_60\bin;C:\Program Files\Java\jre1.8.0_60\bin;D:\tools\android\eclipse\adt-bundle-windows-x86_64-20140321\platform-tools;C:\Program Files\nodejs\;C:\Program Files\nodejs\node_globa
USERNAME=ÎÀ±ë
OS=Windows_NT
PROCESSOR_IDENTIFIER=Intel64 Family 6 Model 69 Stepping 1, GenuineIntel



---------------  S Y S T E M  ---------------

OS: Windows 8.1 , 64 bit Build 9600 (6.3.9600.17415)

CPU:total 4 (2 cores per cpu, 2 threads per core) family 6 model 69 stepping 1, cmov, cx8, fxsr, mmx, sse, sse2, sse3, ssse3, sse4.1, sse4.2, popcnt, avx, avx2, aes, clmul, erms, lzcnt, ht, tsc, tscinvbit, bmi1, bmi2

Memory: 4k page, physical 8310040k(1666036k free), swap 8310040k(5484k free)

vm_info: Java HotSpot(TM) 64-Bit Server VM (25.60-b23) for windows-amd64 JRE (1.8.0_60-b27), built on Aug  4 2015 11:06:27 by "java_re" with MS VC++ 10.0 (VS2010)

time: Fri May 13 19:05:25 2016
elapsed time: 1 seconds (0d 0h 0m 1s)

